[    0.000000] Linux version 4.15.0-45-generic (buildd@lgw01-amd64-031) (gcc version 7.3.0 (Ubuntu 7.3.0-16ubuntu3)) #48-Ubuntu SMP Tue Jan 29 16:28:13 UTC 2019 (Ubuntu 4.15.0-45.48-generic 4.15.18)
[    0.000000] Command line: BOOT_IMAGE=/boot/vmlinuz-4.15.0-45-generic root=UUID=af1a459d-5029-4583-bf7a-f69ffeff945b ro console=tty1 consol=ttyS0
[    0.000000] KERNEL supported cpus:
[    0.000000]   Intel GenuineIntel
[    0.000000]   AMD AuthenticAMD
[    0.000000]   Centaur CentaurHauls
[    0.000000] x86/fpu: Supporting XSAVE feature 0x001: 'x87 floating point registers'
[    0.000000] x86/fpu: Supporting XSAVE feature 0x002: 'SSE registers'
[    0.000000] x86/fpu: Supporting XSAVE feature 0x004: 'AVX regisers
[    0.000000] x86/fpu: xstat_offet]:  576, xstate_sizes[2]:  256
[    0.000000] x86/fpu: Enabled xstate features 0x7, context size is 832 bytes, using 'standard' format.
    0.000000] e820: BIOS-provided physical RAM map:
[    0.000000] BIOS-820: [mem 0x0000000000000000-0x000000000009fbff] usable
[    0.000000] BIOS-e820: [mem 0x00000000009f0-0x000000000009ffff] reserved
[    0.000000] BIOS-e82 [mem x00000000000f0000-0x00000000000fffff] reserved
[    0.000000] BIOS-e820: [mem 0x0000000000100000-0x000000003ffeffff] usable
[    0.000000] BIOS-e820: [mem 0x000000003fff0000-0x00000003fffffff] ACPI data
[    0.000000] BIOS-e820: [mem 0x00000000fec00000-0x00000000fec00fff] reserved
[    0.000000] BIOS-e820: [mem x0000000fee00000-0x00000000fee00fff] reserved
[    0.000000] BIOS-e820: [mem 0x00000000fffc0000-0x00000000ffffffff] reserved
[    0.000000] NX (Execute Disable) protection: active
[    0.000000] SMBIOS 2.5 present.
[    0.000000] DMI: innotek GmbH VirtualBox/VirtualBox, BIOS VirtuaBox 12/01/2006
[    0.000000] Hypervisor detected: KVM
[    0.000000] e820: last_pfn = 0x3fff0 max_arch_pfn = 0x400000000
[    0.000000] MTRR: Disabled
[    0.000000] x86/PAT: MTRRs disabled, skipping PAT initialization too.
[    0.000000] CPU MTRRs all blank - virtualized system.
[    0.000000] x86/PAT: Configuratio [0-7]: WB  WT  UC- UC  WB  WT  UC- UC  
[    0.000000] found SMP MP-table at [mem 0x0009fff0-0x0009ffff] mapped at [        (ptrval)]
[    0.000000] Scanning 1 areas for low memory corruption
[    0.000000] RAMDISK: [mem 0x359d3000-0x36ce0fff]
[    0.000000] ACPI: Early table checksum verification disabled
[    0.000000] ACPI: RSDP 0x00000000000E0000 000024 (v02 VBOX  )
[    0.000000] ACPI: XSDT 0x000000003FFF0030 00003C (v01 VBOX   VBOXXSDT 00000001 ASL  00000061)
[    0.000000] ACPI: FACP 0x000000003FFF00F0 0000F4 (v04 VBOX   VBOXFACP 00000001 ASL  00000061)
[    0.000000] ACPI: DSDT 0x000000003FFF0470 0021FF (v02 VBOX   VBOXBIOS 00000002 INL 20180105)
[    0.000000] ACPI: FACS 0x000000003FFF0200 000040
[    0.000000] ACPI: FACS 0x000000003FFF0200 000040
[    0.000000] ACPI: APIC 0x000000003FFF0240 00005C (v02 VBOX   VBOXAPIC 00000001 ASL  00000061)
[    0.000000] ACPI: SSDT 0x00000003FFF02A0 0001CC (v01 VBOX   VBOXCPUT 00000002 INTL 20180105)
[    0.000000] No NUMA configuration found
[    0.000000] Faking a node at [mem 0x0000000000000000-0x000000003ffeffff]
[    0.000000] NODE_DATA(0) allocated [mem 0x3ffc5000-0x3ffeffff]
[    0.000000] kvm-clock: cpu 0, msr 0:3ff44001, primary cpu clock
[    0.000000] kvm-clock: Using msrs 4b564d01 and 4b564d00
[    0.000000] kvm-clock: using sched offset of 6920994676 cycles
[    0.000000] clocksource: kvm-clock: mask: 0xffffffffffffffff max_ycles: 0x1cd42e4dffb, max_idle_ns: 881590591483 ns
[    0.000000] Zone ranges:
[    0.000000]   DMA      [mem 0x0000000000001000-0x0000000000ffffff]
[    0.000000]   DMA32    [mem 0x0000000001000000-0x000000003ffeffff]
[    0.000000]   Normal   empty
[    0.000000]   Device   empty
[    0.000000] Movable zone start for each node
[    0.000000] Early memor node ranges
[    0.000000]   node   0: [mem 0x0000000000001000-0x000000000009efff]
[    0.000000]   node   0: [mem 0x0000000000100000-0x000000003ffeffff]
[    0.000000] Reserved but unavailable: 114 page
[    0.000000] Initmem setup node 0 [mem 0x0000000000001000-0x000000003ffeffff]
[    0.000000] ACPI: PM-Timer IO Port: 0x4008
[    0.000000] IOAPIC[0]: apic_id 2, version 32, address 0xfec00000, GSI 0-23
[    0.000000] ACPI: INT_SRC_OVR (bus 0 bus_irq 0 global_irq 2 dfl dfl)
[    0.000000] ACPI: INT_SRC_OVR (bus 0 bus_irq 9 global_irq 9 low level)
[    0.000000] Using ACPI (MADT) for SMP configuration information
[  0.000000] smpboot: Allowing 2 CPUs, 0 hotplug CPUs
[    0.000000] PM: Registered nosave memory: [mem 0x00000000-0x00000fff]
[    0.000000] PM: Registered nosave memory: [mem 0x0009f000-0x0009ffff]
[    0.000000] PM: Registered nosave memory: [mem 0x00a0000-0x000effff]
[    0.000000] PM: Registered nosave memory: [mem 0x000f0000-0x000fffff]
[    0.000000] e820: [mem 0x40000000-0xfebfffff] available for PCI devices
[    0.000000] Booting paravirtualized kernel on VM
[    0.000000] clocksource: refined-jiffies: mask: 0xffffffff max_cycles: 0xffffffff, max_idle_ns: 7645519600211568 ns
[    0.000000] random: get_random_bytes called from start_kernel+0x99/0x4fd with crng_init=0
[    0.000000] setup_percpu: NR_CPUS:8192 nr_cpumask_bits:2 nr_cpu_ids:2 nr_node_ids:1
[    0.000000] percpu: Embedded 46 pages/cpu @        (ptrval) s151552 r8192 d28672 u1048576
[    0.000000] PV qspinlock hash table entries: 26 orer: 0, 4096 bytes)
[    0.000000] Built 1 zonelists, mobility grouping on.  Total pages: 257913
[    0.000000] Policy zone: DMA32
[    0.000000] Kernel command line: BOOT_IMAGE=/boot/vmlinuz-4.15.0-45-generic root=UUID=af1a459d-5029-4583-bf7a-f69ffeff945b ro console=tty1 console=ttyS0
    0.000000] Memory: 983072K/1048120K available (12300K kernel code, 2473K rwdata, 4252K rodata, 2408K init, 2416K bss, 65048K reserved, 0K cma-reserved)
[    0.000000] SLUB: HWalin=4, Order=0-3, MinObjects=0, CPUs=2, Nodes=1
[    0.000000] ftrace:allocating 39194 entries in 154 pages
[    0.004000] Hierarchical RCU implementation.
[    0.004000] 	RCU restricting CPUs from NR_CPUS=8192 to nr_cpu_ids=2.
[    0.004000] 	Tasks RCU enabled.
[    0.004000] RCU: Adjusting geometry for rcu_fanout_leaf=16, nr_cpu_ids=2
[    0.004000] NR_IRQS: 524544, nr_irqs: 440, preallocated irqs: 16
[    0.004000] Console: colour VGA+ 80x25
[    0.004000] conole [tty1] enabled
[    0.004000] conole [ttyS0] enabled
[    0.004000] ACPI: Core revision 20170831
[   0.004000] ACPI: 2 ACPI AML tables successfully acquired and loaded
[    0.004000] APIC: Switch to symmetric I/O mode setup
[    0.004371] x2apic enabled
[    0.008014] Switched APIC routing to physical x2apic.
[    0.013413] ..TIMER: vector=0x30 apic1=0 pin1=2 apic2=-1 pin2=-1
[    0.016012] tsc: Detected 2994.378 MHz processor
[    0.020024] tsc: Marking TSC unstable due to TSCs unsynchronized
[    0.024012] Calibrating delay loop (skipped) preset value.. 5988.75 BogoMIPS (lpj=11977512)
[    0.028013] pid_max: default: 32768 minimum: 301
[    0.032164] Security Framework initialized
[    0.036013] Yama: becoming mindful.
[    0.040072] AppArmor: AppArmor initialized
[    0.045105] Dentry cache hash table entries: 131072 (order: 8, 1048576 bytes)
[    0.048177] Inode-cache hash table entries: 65536 (order: 7, 524288 bytes)
[    0.052049] Mount-cache hash table entries: 2048 (order: 2, 16384 bytes)
[    0.056026] Mountpoint-cache hash table entries: 2048 (order: 2, 16384 bytes)
[    0.057377] mce: CPU supports 0 MCE banks
[    0.060037] Last level iTLB entries: 4KB 512, 2MB 1024, 4MB 512
[    0.060967] Last level dTLB entries: 4KB 1024, 2MB 1024, 4MB 512, 1GB 0
[    0.064012] Spectre V2 : Spectre mitigation: LFENCE not serializing, switching to generic retpoline
[    0.068012] Spectre V2 : Mitigation: Full generic retpoline
[    0.072011] Spectre V2 : Spectre v2 / SpectreRSB mitigation: Filling RSB on context switch
[    0.076013] Speculative Store Bypass: Mitigation: Speculative Store Bypass disabled via prctl and seccomp
[    0.080155] Freeing SMP alternatives memory: 36K
[    0.088000] APIC calibration not consistent with PM-Timer: 101ms instead of 100ms
[    0.088000] APIC delta adjusted to PM-Timer: 6249915 (6344357)
[    0.088092] smpboot: CPU0: AMD A9-9420 RADEON R5, 5 COMPUTE CORES 2C+3G (family: 0x15, model: 0x70, stepping: 0x0)
[    0.092172] Performance Events: PMU not available due to virtualization, using software events only.
[    0.096136] Hierarchical SRCU implementation.
[    0.100884] NMI watchdog: Perf event create on CPU 0 failed with -2
[    0.104014] NMI watchdog: Perf NMI watchdog permanently disabled
[    0.105073] smp: Bringing up secondary CPUs ...
[    0.108222] x86: Booting SMP configuration:
[    0.112015] .... node  #0, CPUs:      #1
[    0.004000] kvm-clock: cpu 1, msr 0:3ff44041, secondary cpu clock
[    0.004000] mce: CPU supports 0 MCE banks
[    0.140085] smp: Brought up 1 node, 2 CPUs
[    0.144022] smpboot: Max logical packages: 1
[    0.148017] smpboot: Total of 2 processors activated (11977.51 BogoMIPS)
[    0.152825] devtmpfs: initialized
[    0.154627] x86/mm: Memory block size: 128MB
[    0.156242] evm: security.selinux
[    0.156873] evm: security.SMACK64
[    0.160015] evm: security.SMACK64EXEC
[    0.164010] evm: security.SMACK64TRANSMUTE
[    0.164633] evm: security.SMACK64MMAP
[    0.165191] evm: security.apparmor
[    0.165920] evm: security.ima
[    0.168011] evm: security.capability
[    0.173227] clocksource: jiffies: mask: 0xffffffff max_cycles: 0xffffffff, max_idle_ns: 7645041785100000 ns
[    0.176246] futex hash table entries: 512 (order: 3, 32768 bytes)
[    0.180475] pinctrl core: initialized pinctrl subsystem
[    0.182391] RTC time: 19:23:06, date: 02/15/19
[    0.184578] NET: Registered protocol family 16
[    0.188144] audit: initializing netlink subsys (disabled)
[    0.189313] audit: type=2000 audit(1550258592.154:1): state=initialized audit_enabled=0 res=1
[    0.192374] cpuidle: using governor ladder
[    0.196032] cpuidle: using governor menu
[    0.200414] ACPI: bus type PCI registered
[    0.202719] acpiphp: ACPI Hot Plug PCI Controller Driver version: 0.5
[    0.204162] PCI: Using configuration type 1 for base access
[    0.206507] PCI: Using configuration type 1 for extended access
[    0.212962] HugeTLB registered 2.00 MiB page size, pre-allocated 0 pages
[    0.218874] ACPI: Added _OSI(Module Device)
[    0.220222] ACPI: Added _OSI(Processor Device)
[    0.220947] ACPI: Added _OSI(3.0 _SCP Extensions)
[    0.221637] ACPI: Added _OSI(Processor Aggregator Device)
[    0.224025] ACPI: Added _OSI(Linux-Dell-Video)
[    0.228015] ACPI: Added _OSI(Linux-Lenovo-NV-HDMI-Audio)
[    0.228863] ACPI: Added _OSI(Linux-HPI-Hybrid-Graphics)
[    0.232233] ACPI: Executed 1 blocks of module-level executable AML code
[    0.239802] ACPI: Interpreter enabled
[    0.240042] ACPI: (supports S0 S5)
[    0.240613] ACPI: Using IOAPIC for interrupt routing
[    0.241742] PCI: Using host bridge windows from ACPI; if necessary, use "pci=nocrs" and report a bug
[    0.244245] ACPI: Enabled 2 GPEs in block 00 to 07
[    0.253564] ACPI: PCI Root Bridge [PCI0] (domain 0000 [bus 00-ff])
[    0.255617] acpi PNP0A03:00: _OSC: OS supports [ExtendedConfig ASPM ClockPM Segments MSI]
[    0.256119] acpi PNP0A03:00: _OSC: OS now controls [PCIeHotplug PME AER PCIeCapability]
[    0.260390] PCI host bridge to bus 0000:00
[    0.263111] pci_bus 0000:00: root bus resource [io  0x0000-0x0cf7 window]
[    0.264010] pci_bus 0000:00: root bus resource [io  0x0d00-0xffff window]
[    0.264996] pci_bus 0000:00: root bus resource [mem 0x000a0000-0x000bffff window]
[    0.268019] pci_bus 0000:00: root bus resource [mem 0x40000000-0xfdffffff window]
[    0.272018] pci_bus 0000:00: root bus resource [bus 00-ff]
[    0.276899] pci 0000:00:01.1: legacy IDE quirk: reg 0x10: [io  0x01f0-0x01f7]
[    0.280017] pci 0000:00:01.1: legacy IDE quirk: reg 0x14: [io  0x03f6]
[    0.282609] pci 0000:00:01.1: legacy IDE quirk: reg 0x18: [io  0x0170-0x0177]
[    0.284010] pci 0000:00:01.1: legacy IDE quirk: reg 0x1c: [io  0x0376]
[    0.320442] pci 0000:00:07.0: quirk: [io  0x4000-0x403f] claimed by PIIX4 ACPI
[    0.323506] pci 0000:00:07.0: quirk: [io  0x4100-0x410f] claimed by PIIX4 SMB
[    0.336964] ACPI: PCI Interrupt Link [LNKA] (IRQs 5 9 10 *11)
[    0.340084] ACPI: PCI Interrupt Link [LNKB] (IRQs 5 9 *10 11)
[    0.343479] ACPI: PCI Interrupt Link [LNKC] (IRQs 5 *9 10 11)
[    0.344159] ACPI: PCI Interrupt Link [LNKD] (IRQs 5 9 10 *11)
[    0.348867] SCSI subsystem initialized
[    0.352409] pci 0000:00:02.0: vgaarb: setting as boot VGA device
[    0.353346] pci 0000:00:02.0: vgaarb: VGA device added: decodes=io+mem,owns=io+mem,locks=none
[    0.354684] pci 0000:00:02.0: vgaarb: bridge control possible
[    0.355533] vgaarb: loaded
[    0.356092] ACPI: bus type USB registered
[    0.360136] usbcore: registered new interface driver usbfs
[    0.362890] usbcore: registered new interface driver hub
[    0.364394] usbcore: registered new device driver usb
[    0.368220] EDAC MC: Ver: 3.0.0
[    0.372496] PCI: Using ACPI for IRQ routing
[    0.375636] NetLabel: Initializing
[    0.376013] NetLabel:  domain hash size = 128
[    0.377785] NetLabel:  protocols = UNLABELED CIPSOv4 CALIPSO
[    0.380038] NetLabel:  unlabeled traffic allowed by default
[    0.384162] clocksource: Switched to clocksource kvm-clock
[   0.41227]FSDisk quotas dquot_6.6.0
[   0.416142] VFS: Dquot-cache hash table entries: 512 (order 0, 4096 bytes)
[    0.416142] AppArmor: AppArmor Filesystem Enabled
[   .416142] pnp: PnP ACPI init
[   0.416142] pnp: PnP ACPI: found 3 devices

[  0.683071] clocksource: acpi_pm: mask: 0xffffff max_cycles: 0xffffff, max_idle_ns: 2085701024 ns
[   0.684045] NET: Registered protocol family 2

[    0.760617] TCP established hash table entries: 8192 (order: 4, 65536 bytes)
[    0.761787] TCP bind hash table entries: 8192 (order: 5, 131072 bytes)
[   0.76799] TCP: Hash tables configured (established 8192 bind 8192)
[   0.764370] UDP hash table entries:51 (order: 2, 16384 bytes)
[    0.901383] UDPLite hash table entries: 512 (order: 2, 16384 bytes)
[    0.944807] NET: Registered protocol family 1
[    0.945627] pci 0000:00:00.0: Limiting direct PCI/PCI transfers
[    0.946559] pci 0000:00:01.0: Activating ISA DMA hang workarounds
[   0.947546] pci 0000:00:02.0: Video device with shadowed ROM at [mem 0x000c0000-0x000dffff]
[    0.981056] Unpacking initramfs...
[    1.396316] Freeing initrd memory: 19512K
[    1.401657] clocksource: tsc: mask: 0xffffffffffffffff max_cycles: 0x2b2986a21ef, max_idle_ns: 440795289726 ns
[    1.405214] platform rtc_cmos: registered platform RTC device (no PNP device found)
[    1.405525] Scanning for low memory corruption every 60 seconds
[    1.411101] Initialise system trusted keyrings
[    1.412852] Key type blacklist registered
[    1.414470] workingset: timestamp_bits=36 max_order=18 bucket_order=0
[    1.418478] zbud: loaded
[    1.420530] squashfs: version 4.0 (2009/01/31) Phillip Lougher
[    1.422948] fuse init (API version 7.26)
[    1.434415] Key type asymmetric registered
[    1.435790] Asymmetric key parser 'x509' registered
[    1.437650] Block layer SCSI generic (bsg) driver version 0.4 loaded (major 246)
[    1.441040] io scheduler noop registered
[    1.442362] io scheduler deadline registered
[    1.443817] io scheduler cfq registered (default)
[    1.446414] ACPI: AC Adapter [AC] (on-line)
[    1.448018] input: Power Button as /devices/LNXSYSTM:00/LNXPWRBN:00/input/input0
[    1.451052] ACPI: Power Button [PWRF]
[    1.452878] input: Sleep Button as /devices/LNXSYSTM:00/LNXSLPBN:00/input/input1
[    1.455405] ACPI: Sleep Button [SLPF]
[    1.459187] ACPI: Battery Slot [BAT0] (battery present)
[    1.465008]erial: 8250/16550 driver, 32 ports, IRQ sharing enabled

[    1.489701] 00:02: ttyS0 at I/O 0x3f8 (irq = 4, base_baud = 115200) is a 16550A
[    1.555537] Linux agpgart interface v0.103
[    1.572530] loop: module loaded
[    1.576013] scsi host0: ata_piix
[    1.578224] scsi host1: ata_piix
[    1.579546] ata1: PATA max UDMA/33 cmd 0x1f0 ctl 0x3f6 bmdma 0xd000 irq 14
[    1.582208] ata2: PATA max UDMA/33 cmd 0x170 ctl 0x376 bmdma 0xd008 irq 15
[    1.585979] libphy: Fixed MDIO Bus: probed
[    1.587519] tun: Universal TUN/TAP device driver, 1.6
[    1.589748] PPP generic driver version 2.4.2
[    1.591370] ehci_hcd: USB 2.0 'Enhanced' Host Controller (EHCI) Driver
[    1.593752] ehci-pci: EHCI PCI platform driver
[    1.595341] ehci-platform: EHCI generic platform driver
[    1.597477] ohci_hcd: USB 1.1 'Open' Host Controller (OHCI) Driver
[    1.599817] ohci-pci: OHCI PCI platform driver
[    1.601612] ohci-platform: OHCI generic platform driver
[    1.603492] uhci_hcd: USB Universal Host Controller Interface driver
[    1.606231] i8042: PNP: PS/2 Controller [PNP0303:PS2K,PNP0f03:PS2M] at 0x60,0x64 irq 1,12
[    1.610486] serio: i8042 KBD port at 0x60,0x64 irq 1
[    1.612503] serio: i8042 AUX port at 0x60,0x64 irq 12
[    1.614844] mousedev: PS/2 mouse device common for all mice
[    1.619159] input: AT Translated Set 2 keyboard as /devices/platform/i8042/serio0/input/input2
[    1.620508] rtc_cmos rtc_cmos: rtc core: registered rtc_cmos as rtc0
[    1.620589] rtc_cmos rtc_cmos: alarms up to one day, 114 bytes nvram
[    1.620601] i2c /dev entries driver
[    1.620610] pcie_mp2_amd: AMD(R) PCI-E MP2 Communication Driver Version: 1.0
[    1.620758] device-mapper: uevent: version 1.0.3
[    1.620853] device-mapper: ioctl: 4.37.0-ioctl (2017-09-20) initialised: dm-devel@redhat.com
[    1.638745] ledtrig-cpu: registered to indicate activity on CPUs
[    1.647508] NET: Registered protocol family 10
[    1.661106] Segment Routing with IPv6
[    1.662430] NET: Registered protocol family 17
[    1.664357] Key type dns_resolver registered
[    1.666783] RAS: Correctable Errors collector initialized.
[    1.668917] sched_clock: Marking stable (1668838599, 0)->(3822435262, -2153596663)
[    1.676742] registered taskstats version 1
[    1.678215] Loading compiled-in X.509 certificates
[    1.684999] Loaded X.509 cert 'Build time autogenerated kernel key: e3b8f44ffaaceef3e3a84cfaebd8e5a9acebeaad'
[    1.689041] zswap: loaded using pool lzo/zbud
[    1.698882] Key type big_key registered
[    1.700529] Key type trusted registered
[    1.706914] Key type encrypted registered
[    1.708757] AppArmor: AppArmor sha1 policy hashing enabled
[    1.710911] ima: No TPM chip found, activating TPM-bypass! (rc=-19)
[    1.713368] ima: Allocated hash algorithm: sha1
[    1.714982] evm: HMAC attrs: 0x1
[    1.716506]   Magic number: 7:939:394
[    1.718030] rtc_cmos rtc_cmos: setting system clock to 2019-02-15 19:23:07 UTC (1550258587)
[    1.722617] BIOS EDD facility v0.16 2004-Jun-25, 0 devices found
[    1.724863] EDD information not available.
[    1.760488] Freeing unused kernel memory: 2408K
[    1.776268] Write protecting the kernel read-only data: 20480k
[    1.815154] Freeing unused kernel memory: 2008K
[    1.820725] Freeing unused kernel memory: 1892K
[    1.832476] x86/mm: Checked W+X mappings: passed, no W+X pages found.
Loading, please wait...
starting version 237
[    2.071863] Fusion MPT base driver 3.04.20
[    2.072016] e1000: Intel(R) PRO/1000 Network Driver - version 7.3.21-k8-NAPI
[    2.072016] e1000: Copyright (c) 1999-2006 Intel Corporation.
[    2.086872] Copyright (c) 1999-2008 LSI Corporation
[    2.111098] Fusion MPT SPI Host driver 3.04.20
[    2.139291] AVX2 version of gcm_enc/dec engaged.
[    2.165954] AES CTR mode by8 optimization enabled
[    2.372806] input: ImExPS/2 Generic Explorer Mouse as /devices/platform/i8042/serio1/input/input4
[    2.541901] e1000 0000:00:03.0 eth0: (PCI:33MHz:32-bit) 02:28:d9:ae:eb:85
[    2.544274] e1000 0000:00:03.0 eth0: Intel(R) PRO/1000 Network Connection
[    2.553753] mptbase: ioc0: Initiating bringup
[    2.578320] e1000 0000:00:03.0 enp0s3: renamed from eth0
[    2.672611] ioc0: LSI53C1030 A0: Capabilities={Initiator}
[    2.918328] scsi host2: ioc0: LSI53C1030 A0, FwRev=00000000h, Ports=1, MaxQ=256, IRQ=20
[    3.197921] scsi 2:0:0:0: Direct-Access     VBOX     HARDDISK         1.0  PQ: 0 ANSI: 5
[    3.316137] scsi target2:0:0: Beginning Domain Validation
[    3.327259] scsi target2:0:0: Domain Validation skipping write tests
[    3.800598] scsi target2:0:0: Ending Domain Validation
[    4.141013] scsi target2:0:0: asynchronous
[    4.306031] scsi 2:0:1:0: Direct-Access     VBOX     HARDDISK         1.0  PQ: 0 ANSI: 5
[    4.352295] scsi target2:0:1: Beginning Domain Validation
[    4.355334] random: fast init done
[    4.370768] scsi target2:0:1: Domain Validation skipping write tests
[    4.378513] scsi target2:0:1: Ending Domain Validation
[    4.379559] scsi target2:0:1: asynchronous
[    4.549719] random: systemd-udevd: uninitialized urandom read (16 bytes read)
[    4.549839] sd 2:0:0:0: Attached scsi generic sg0 type 0
[    4.550018] sd 2:0:1:0: Attached scsi generic sg1 type 0
[    4.550301] sd 2:0:0:0: [sda] 20971520 512-byte logical blocks: (10.7 GB/10.0 GiB)
[    4.550340] sd 2:0:0:0: [sda] Write Protect is off
[    4.550409] sd 2:0:0:0: [sda] Incomplete mode parameter data
[    4.550411] sd 2:0:0:0: [sda] Assuming drive cache: write through
[    4.567494]  sda: sda1
[    4.568922] sd 2:0:1:0: [sdb] 20480 512-byte logical blocks: (10.5 MB/10.0 MiB)
[    4.568974] sd 2:0:1:0: [sdb] Write Protect is off
[    4.569077] sd 2:0:1:0: [sdb] Incomplete mode parameter data
[    4.569079] sd 2:0:1:0: [sdb] Assuming drive cache: write through
[    4.569939] sd 2:0:0:0: [sda] Attached SCSI disk
[    4.594284] sd 2:0:1:0: [sdb] Attached SCSI disk
[    4.641951] random: systemd-udevd: uninitialized urandom read (16 bytes read)
[    4.645570] random: systemd-udevd: uninitialized urandom read (16 bytes read)
Begin: Loading essential drivers ... [    6.396031] raid6: sse2x1   gen()  6473 MB/s
[    6.460038] raid6: sse2x1   xor()  4560 MB/s
[    6.520042] raid6: sse2x2   gen()  8294 MB/s
[    6.584051] raid6: sse2x2   xor()  6186 MB/s
[    6.640032] raid6: sse2x4   gen()  4351 MB/s
[    6.696049] raid6: sse2x4   xor()  4547 MB/s
[    6.752053] raid6: avx2x1   gen()  6821 MB/s
[    6.808030] raid6: avx2x1   xor()  6974 MB/s
[    6.868033] raid6: avx2x2   gen()  7166 MB/s
[    6.920035] raid6: avx2x2   xor()  7541 MB/s
[    6.972108] raid6: avx2x4   gen()  2460 MB/s
[    7.024061] raid6: avx2x4   xor()  4030 MB/s
[    7.044047] raid6: using algorithm sse2x2 gen() 8294 MB/s
[    7.047072] raid6: .... xor() 6186 MB/s, rmw enabled
[    7.049517] raid6: using avx2x2 recovery algorithm
[    7.053933] xor: automatically using best checksumming function   avx       
[    7.075815] async_tx: api initialized (async)
done.
Begin: Running /scripts/init-premount ... done.
Begin: Mounting root file system ... Begin: Running /scripts/local-top ... done.
Begin: Running /scripts/loca[    7.231330] Btrfs loaded, crc32c=crc32c-intel
l-premount ... Scanning for Btrfs filesystems
done.
Warning: fsck not present, so skipping root file system
[    7.968017] EXT4-fs (sda1): mounted filesystem with ordered data mode. Opts: (null)
done.
Begin: Running /scripts/local-bottom ... done.
Begin: Running /scripts/init-bottom ... done.
[    9.931215] random: crng init done
[    9.939146] random: 7 urandom warning(s) missed due to ratelimiting
[   15.896324] ip_tables: (C) 2000-2006 Netfilter Core Team
[   16.664100] systemd[1]: systemd 237 running in system mode. (+PAM +AUDIT +SELINUX +IMA +APPARMOR +SMACK +SYSVINIT +UTMP +LIBCRYPTSETUP +GCRYPT +GNUTLS +ACL +XZ +LZ4 +SECCOMP +BLKID +ELFUTILS +KMOD -IDN2 +IDN -PCRE2 default-hierarchy=hybrid)
[   17.717286] systemd[1]: Detected virtualization oracle.
[   17.746195] systemd[1]: Detected architecture x86-64.

Welcome to [1mUbuntu 18.04.1 LTS[0m!

[   17.985100] systemd[1]: Set hostname to <ubuntu-bionic>.
[   30.097564] systemd[1]: Reached target Swap.
[[0;32m  OK  [0m] Reached target Swap.
[   30.531458] systemd[1]: Created slice User and Session Slice.
[[0;32m  OK  [0m] Created slice User and Session Slice.
[   30.550118] systemd[1]: Reached target User and Group Name Lookups.
[[0;32m  OK  [0m] Reached target User and Group Name Lookups.
[   30.564562] systemd[1]: Started Forward Password Requests to Wall Directory Watch.
[[0;32m  OK  [0m] Started Forward Password Requests to Wall Directory Watch.
[   31.617248] systemd[1]: Set up automount Arbitrary Executable File Formats File System Automount Point.
[[0;32m  OK  [0m] Set up automount Arbitrary Executab…rmats File System Automount Point.
[   31.623823] systemd[1]: Created slice System Slice.
[[0;32m  OK  [0m] Created slice System Slice.
[   31.628997] systemd[1]: Created slice system-serial\x2dgetty.slice.
[[0;32m  OK  [0m] Created slice system-serial\x2dgetty.slice.
[   31.633548] systemd[1]: Listening on /dev/initctl Compatibility Named Pipe.
[[0;32m  OK  [0m] Listening on /dev/initctl Compatibility Named Pipe.
[   31.638695] systemd[1]: Listening on Journal Socket (/dev/log).
[[0;32m  OK  [0m] Listening on Journal Socket (/dev/log).
[   31.676158] systemd[1]: Listening on LVM2 metadata daemon socket.
[[0;32m  OK  [0m] Listening on LVM2 metadata daemon socket.
[[0;32m  OK  [0m] Listening on Journal Socket.
         Mounting Huge Pages File System...
         Mounting Kernel Debug File System...
         Starting Load Kernel Modules...
         Starting Create list of required st…ce nodes for the current kernel...
         Starting Remount Root and Kernel File Systems...
[[0;32m  OK  [0m] Listening on Journal Audit Socket.
[[0;32m  OK  [0m] Listening on Device-mapper event daemon FIFOs.
         Starting Monitoring of LVM2 mirrors…ng dmeventd or progress polling...
         Mounting POSIX Message Queue File System...
[[0;32m  OK  [0m] Listening on LVM2 poll daemon socket.
[[0;32m  OK  [0m] Listening on Syslog Socket.
         Starting Uncomplicated firewall...
         Starting Set the console keyboard layout...
[[0;32m  OK  [0m] Listening on Network Service Netlink Socket.
[[0;32m  OK  [0m] Reached target Slices.
[[0;32m  OK  [0m] Listening on udev Kernel Socket.
         Starting Journal Service...
[[0;32m  OK  [0m] Reached target System Time Synchronized.
[[0;32m  OK  [0m] Listening on udev Control Socket.
         Starting udev Coldplug all Devices...
[[0;32m  OK  [0m] Started udev Coldplug all Devices.
[[0;32m  OK  [0m] Started Uncomplicated firewall.
[[0;32m  OK  [0m] Started Create list of required sta…vice nodes for the current kernel.
         Starting Create Static Device Nodes in /dev...
[   33.384941] Loading iSCSI transport class v2.0-870.
[[0;32m  OK  [0m] Started Journal Service.
[   34.148592] iscsi: registered transport (tcp)
[   35.790225] iscsi: registered transport (iser)
[[0;32m  OK  [0m] Started Load Kernel Modules.
         Mounting FUSE Control File System...
         Starting Apply Kernel Variables...
         Mounting Kernel Configuration File System...
[[0;32m  OK  [0m] Started Create Static Device Nodes in /dev.
[[0;32m  OK  [0m] Started Apply Kernel Variables.
[[0;32m  OK  [0m] Mounted Huge Pages File System.
[[0;32m  OK  [0m] Mounted Kernel Debug File System.
[[0;32m  OK  [0m] Started Remount Root and Kernel File Systems.
[[0;32m  OK  [0m] Mounted POSIX Message Queue File System.
[[0;32m  OK  [0m] Mounted FUSE Control File System.
[[0;32m  OK  [0m] Mounted Kernel Configuration File System.
         Starting Load/Save Random Seed...
         Starting Flush Journal to Persistent Storage...
         Starting udev Kernel Device Manager...
         Starting Initial cloud-init job (pre-networking)...
[[0;32m  OK  [0m] Started LVM2 metadata daemon.
[[0;32m  OK  [0m] Started Set the console keyboard layout.
[[0;32m  OK  [0m] Started Load/Save Random Seed.
[[0;32m  OK  [0m] Started Monitoring of LVM2 mirrors,…sing dmeventd or progress polling.
[[0;32m  OK  [0m] Reached target Local File Systems (Pre).
[[0;32m  OK  [0m] Reached target Local File Systems.
         Starting Tell Plymouth To Write Out Runtime Data...
         Starting ebtables ruleset management...
         Starting AppArmor initialization...
         Starting Set console font and keymap...
[[0;32m  OK  [0m] Started Set console font and keymap.
[[0;32m  OK  [0m] Started Tell Plymouth To Write Out Runtime Data.
[[0;32m  OK  [0m] Started udev Kernel Device Manager.
[[0;32m  OK  [0m] Started Dispatch Password Requests to Console Directory Watch.
[[0;32m  OK  [0m] Reached target Local Encrypted Volumes.
[[0;32m  OK  [0m] Started ebtables ruleset management.
[[0;32m  OK  [0m] Found device /dev/ttyS0.
[[0;32m  OK  [0m] Listening on Load/Save RF Kill Switch Status /dev/rfkill Watch.
[[0;32m  OK  [0m] Started Flush Journal to Persistent Storage.
         Starting Create Volatile Files and Directories...
[[0;32m  OK  [0m] Started AppArmor initialization.
[[0;32m  OK  [0m] Started Create Volatile Files and Directories.
         Starting Update UTMP about System Boot/Shutdown...
[[0;32m  OK  [0m] Started Update UTMP about System Boot/Shutdown.
[   59.520549] cloud-init[423]: Cloud-init v. 18.4-0ubuntu1~18.04.1 running 'init-local' at Fri, 15 Feb 2019 19:24:03 +0000. Up 58.11 seconds.
[[0;32m  OK  [0m] Started Initial cloud-init job (pre-networking).
[[0;32m  OK  [0m] Reached target Network (Pre).
         Starting Network Service...
[[0;32m  OK  [0m] Started Network Service.
         Starting Wait for Network to be Configured...
         Starting Network Name Resolution...
[[0;32m  OK  [0m] Started Network Name Resolution.
[[0;32m  OK  [0m] Reached target Network.
[[0;32m  OK  [0m] Reached target Host and Network Name Lookups.
[[0;32m  OK  [0m] Started Wait for Network to be Configured.
         Starting Initial cloud-init job (metadata service crawler)...
[   63.203503] cloud-init[661]: Cloud-init v. 18.4-0ubuntu1~18.04.1 running 'init' at Fri, 15 Feb 2019 19:24:08 +0000. Up 62.72 seconds.
[   63.218137] cloud-init[661]: ci-info: ++++++++++++++++++++++++++++++++++++++Net device info++++++++++++++++++++++++++++++++++++++
[   63.228558] cloud-init[661]: ci-info: +--------+------+----------------------------+---------------+--------+-------------------+
[   63.237016] cloud-init[661]: ci-info: | Device |  Up  |          Address           |      Mask     | Scope  |     Hw-Address    |
[   63.243618] cloud-init[661]: ci-info: +--------+------+----------------------------+---------------+--------+-------------------+
[   63.247853] cloud-init[661]: ci-info: | enp0s3 | True |         10.0.2.15          | 255.255.255.0 | global | 02:28:d9:ae:eb:85 |
[   63.251845] cloud-init[661]: ci-info: | enp0s3 | True | fe80::28:d9ff:feae:eb85/64 |       .       |  link  | 02:28:d9:ae:eb:85 |
[   63.257132] cloud-init[661]: ci-info: |   lo   | True |         127.0.0.1          |   255.0.0.0   |  host  |         .         |
[   63.272474] cloud-init[661]: ci-info: |   lo   | True |          ::1/128           |       .       |  host  |         .         |
[   63.328701] cloud-init[661]: ci-info: +--------+------+----------------------------+---------------+--------+-------------------+
[   63.350133] cloud-init[661]: ci-info: ++++++++++++++++++++++++++++Route IPv4 info+++++++++++++++++++++++++++++
[   63.364308] cloud-init[661]: ci-info: +-------+-------------+----------+-----------------+-----------+-------+
[   63.381680] cloud-init[661]: ci-info: | Route | Destination | Gateway  |     Genmask     | Interface | Flags |
[   63.426747] cloud-init[661]: ci-info: +-------+-------------+----------+-----------------+-----------+-------+
[   63.445239] cloud-init[661]: ci-info: |   0   |   0.0.0.0   | 10.0.2.2 |     0.0.0.0     |   enp0s3  |   UG  |
[   63.451263] cloud-init[661]: ci-info: |   1   |   10.0.2.0  | 0.0.0.0  |  255.255.255.0  |   enp0s3  |   U   |
[   63.474161] cloud-init[661]: ci-info: |   2   |   10.0.2.2  | 0.0.0.0  | 255.255.255.255 |   enp0s3  |   UH  |
[   63.489355] cloud-init[661]: ci-info: +-------+-------------+----------+-----------------+-----------+-------+
[   63.618113] cloud-init[661]: ci-info: +++++++++++++++++++Route IPv6 info+++++++++++++++++++
[   63.623122] cloud-init[661]: ci-info: +-------+-------------+---------+-----------+-------+
[   63.632763] cloud-init[661]: ci-info: | Route | Destination | Gateway | Interface | Flags |
[   63.651787] cloud-init[661]: ci-info: +-------+-------------+---------+-----------+-------+
[   63.663677] cloud-init[661]: ci-info: |   1   |  fe80::/64  |    ::   |   enp0s3  |   U   |
[   63.690395] cloud-init[661]: ci-info: |   3   |    local    |    ::   |   enp0s3  |   U   |
[   63.700744] cloud-init[661]: ci-info: |   4   |   ff00::/8  |    ::   |   enp0s3  |   U   |
[   63.734909] cloud-init[661]: ci-info: +-------+-------------+---------+-----------+-------+
[[0;32m  OK  [0m] Started Initial cloud-init job (metadata service crawler).
[[0;32m  OK  [0m] Reached target Network is Online.
[[0;32m  OK  [0m] Reached target Remote File Systems (Pre).
[[0;32m  OK  [0m] Reached target Remote File Systems.
         Starting Availability of block devices...
[[0;32m  OK  [0m] Reached target System Initialization.
[[0;32m  OK  [0m] Started Daily Cleanup of Temporary Directories.
         Starting LXD - unix socket.
[[0;32m  OK  [0m] Listening on D-Bus System Message Bus Socket.
[[0;32m  OK  [0m] Started Clean PHP session files every 30 mins.
[[0;32m  OK  [0m] Started Message of the Day.
[[0;32m  OK  [0m] Started ACPI Events Check.
[[0;32m  OK  [0m] Listening on Open-iSCSI iscsid Socket.
[[0;32m  OK  [0m] Listening on ACPID Listen Socket.
[[0;32m  OK  [0m] Started Discard unused blocks once a week.
[[0;32m  OK  [0m] Listening on UUID daemon activation socket.
         Starting Socket activation for snappy daemon.
[[0;32m  OK  [0m] Started Daily apt download activities.
[[0;32m  OK  [0m] Started Daily apt upgrade and clean activities.
[[0;32m  OK  [0m] Reached target Timers.
[[0;32m  OK  [0m] Reached target Paths.
[[0;32m  OK  [0m] Reached target Cloud-config availability.
[[0;32m  OK  [0m] Started Availability of block devices.
[[0;32m  OK  [0m] Listening on LXD - unix socket.
[[0;32m  OK  [0m] Listening on Socket activation for snappy daemon.
[[0;32m  OK  [0m] Reached target Sockets.
[[0;32m  OK  [0m] Reached target Basic System.
         Starting Clean php session files...
         Starting Accounts Service...
         Starting The Apache HTTP Server...
[[0;32m  OK  [0m] Started FUSE filesystem for LXC.
         Starting MariaDB 10.3.12 database server...
[[0;32m  OK  [0m] Started irqbalance daemon.
         Starting Login Service...
         Starting Snappy daemon...
         Starting System Logging Service...
         Starting Virtualbox guest utils...
         Starting LSB: Record successful boot for GRUB...
[[0;32m  OK  [0m] Started D-Bus System Message Bus.
         Starting LSB: automatic crash report generation...
         Starting Dispatcher daemon for systemd-networkd...
[[0;32m  OK  [0m] Started Regular background program processing daemon.
[[0;32m  OK  [0m] Started Deferred execution scheduler.
         Starting OpenBSD Secure Shell server...
         Starting Permit User Sessions...
         Starting LXD - container startup/shutdown...
[[0;32m  OK  [0m] Started System Logging Service.
[[0;32m  OK  [0m] Started Login Service.
[[0;32m  OK  [0m] Started Permit User Sessions.
         Starting Hold until boot process finishes up...
         Starting Terminate Plymouth Boot Screen...
         Starting Authorization Manager...
[[0;32m  OK  [0m] Started Unattended Upgrades Shutdown.
[[0;32m  OK  [0m] Started LSB: automatic crash report generation.
[[0;32m  OK  [0m] Started Hold until boot process finishes up.
[[0;32m  OK  [0m] Started Terminate Plymouth Boot Screen.
[[0;32m  OK  [0m] Started Serial Getty on ttyS0.
         Starting Set console scheme...
[[0;32m  OK  [0m] Started Set console scheme.
[[0;32m  OK  [0m] Created slice system-getty.slice.
[[0;32m  OK  [0m] Started Getty on tty1.
[[0;32m  OK  [0m] Reached target Login Prompts.
[[0;32m  OK  [0m] Started LSB: Record successful boot for GRUB.
[[0;32m  OK  [0m] Started Authorization Manager.
[[0;32m  OK  [0m] Started Accounts Service.

Ubuntu 18.04.1 LTS ubuntu-bionic ttyS0

ubuntu-bionic login: [   89.102653] cloud-init[1315]: Cloud-init v. 18.4-0ubuntu1~18.04.1 running 'modules:config' at Fri, 15 Feb 2019 19:24:33 +0000. Up 87.31 seconds.
[  114.577834] cloud-init[1887]: Cloud-init v. 18.4-0ubuntu1~18.04.1 running 'modules:final' at Fri, 15 Feb 2019 19:24:59 +0000. Up 113.28 seconds.
[  114.593019] cloud-init[1887]: Cloud-init v. 18.4-0ubuntu1~18.04.1 finished at Fri, 15 Feb 2019 19:25:00 +0000. Datasource DataSourceNoCloud [seed=/dev/sdb][dsmode=net].  Up 114.46 seconds
